# Bait Check-in Webapp - Test History Log
# Format: TIMESTAMP | BRANCH | COMMIT | STATUS | MESSAGE | BY | TYPE | RESULTS | DURATION
# ============================================

01-02-2026 15:45:00 | main | f74462b | FAILED | migrate: Replace Cypress with Playwright - Complete E2E testing framework migration | BY: Weerachon | TYPE: All Browsers | PASSED: 95/145 | DURATION: 312.45s
01-02-2026 16:05:30 | main | f74462b | FAILED | Test run: Playwright Chromium validation | BY: Weerachon | TYPE: Chromium | PASSED: 19/29 | DURATION: 65.23s
01-02-2026 16:35:45 | main | 08cef62 | PASSED | test: Fix Playwright tests - open filter panel & fix selector ambiguity | BY: Weerachon | TYPE: All Browsers (Chromium, Mobile Chrome, Mobile Safari) | PASSED: 87/87 | DURATION: 96.00s
02-02-2026 23:15:30 | main | db71e29 | FAILED | test: Admin date range filter tests - Filter visibility timeout issue | BY: Weerachon | TYPE: All Browsers (Chromium, Mobile Chrome, Mobile Safari) | PASSED: 0/45 | DURATION: 285.50s
02-02-2026 23:20:45 | main | db71e29 | FIXED | fix: TypeScript errors in admin-date-range-filter.spec.js (void truthiness & implicit any type) | BY: Weerachon | TYPE: Type Checking | PASSED: 2/2 | DURATION: 5.30s

